This is pdfTeX, Version 3.1415926-1.40.10 (TeX Live 2009/Debian) (format=pdflatex 2012.5.3)  29 NOV 2012 16:05
entering extended mode
 %&-line parsing enabled.
**doc.latex
(./doc.latex
LaTeX2e <2009/09/24>
Babel <v3.8l> and hyphenation patterns for english, usenglishmax, dumylang, noh
yphenation, bulgarian, ukrainian, russian, french, basque, ngerman, german, ger
man-x-2009-06-19, ngerman-x-2009-06-19, ukenglish, loaded.
(/usr/share/texmf-texlive/tex/latex/base/article.cls
Document Class: article 2007/10/19 v1.4h Standard LaTeX document class
(/usr/share/texmf-texlive/tex/latex/base/size11.clo
File: size11.clo 2007/10/19 v1.4h Standard LaTeX file (size option)
)
\c@part=\count79
\c@section=\count80
\c@subsection=\count81
\c@subsubsection=\count82
\c@paragraph=\count83
\c@subparagraph=\count84
\c@figure=\count85
\c@table=\count86
\abovecaptionskip=\skip41
\belowcaptionskip=\skip42
\bibindent=\dimen102
)
(/usr/share/texmf-texlive/tex/latex/geometry/geometry.sty
Package: geometry 2008/12/21 v4.2 Page Geometry

(/usr/share/texmf-texlive/tex/latex/graphics/keyval.sty
Package: keyval 1999/03/16 v1.13 key=value parser (DPC)
\KV@toks@=\toks14
)
(/usr/share/texmf-texlive/tex/generic/oberdiek/ifpdf.sty
Package: ifpdf 2009/04/10 v2.0 Provides the ifpdf switch (HO)
Package ifpdf Info: pdfTeX in pdf mode detected.
)
(/usr/share/texmf-texlive/tex/generic/oberdiek/ifvtex.sty
Package: ifvtex 2008/11/04 v1.4 Switches for detecting VTeX and its modes (HO)
Package ifvtex Info: VTeX not detected.
)
\Gm@cnth=\count87
\Gm@cntv=\count88
\c@Gm@tempcnt=\count89
\Gm@bindingoffset=\dimen103
\Gm@wd@mp=\dimen104
\Gm@odd@mp=\dimen105
\Gm@even@mp=\dimen106
\Gm@dimlist=\toks15

(/usr/share/texmf-texlive/tex/xelatex/xetexconfig/geometry.cfg))
(/usr/share/texmf-texlive/tex/latex/graphics/graphicx.sty
Package: graphicx 1999/02/16 v1.0f Enhanced LaTeX Graphics (DPC,SPQR)

(/usr/share/texmf-texlive/tex/latex/graphics/graphics.sty
Package: graphics 2009/02/05 v1.0o Standard LaTeX Graphics (DPC,SPQR)

(/usr/share/texmf-texlive/tex/latex/graphics/trig.sty
Package: trig 1999/03/16 v1.09 sin cos tan (DPC)
)
(/etc/texmf/tex/latex/config/graphics.cfg
File: graphics.cfg 2009/08/28 v1.8 graphics configuration of TeX Live
)
Package graphics Info: Driver file: pdftex.def on input line 91.

(/usr/share/texmf-texlive/tex/latex/pdftex-def/pdftex.def
File: pdftex.def 2010/03/12 v0.04p Graphics/color for pdfTeX
\Gread@gobject=\count90
))
\Gin@req@height=\dimen107
\Gin@req@width=\dimen108
)
(/usr/share/texmf-texlive/tex/latex/base/inputenc.sty
Package: inputenc 2008/03/30 v1.1d Input encoding file
\inpenc@prehook=\toks16
\inpenc@posthook=\toks17

(/usr/share/texmf-texlive/tex/latex/ucs/utf8x.def
File: utf8x.def 2004/10/17 UCS: Input encoding UTF-8
))
(/usr/share/texmf-texlive/tex/latex/ucs/ucs.sty
Package: ucs 2004/10/17 UCS: Unicode input support

(/usr/share/texmf-texlive/tex/latex/ucs/data/uni-global.def
File: uni-global.def 2004/10/17 UCS: Unicode global data
)
\uc@secondtry=\count91
\uc@combtoks=\toks18
\uc@combtoksb=\toks19
\uc@temptokena=\toks20
)
(/usr/share/texmf-texlive/tex/latex/listings/listings.sty
\lst@mode=\count92
\lst@gtempboxa=\box26
\lst@token=\toks21
\lst@length=\count93
\lst@currlwidth=\dimen109
\lst@column=\count94
\lst@pos=\count95
\lst@lostspace=\dimen110
\lst@width=\dimen111
\lst@newlines=\count96
\lst@lineno=\count97
\lst@maxwidth=\dimen112

(/usr/share/texmf-texlive/tex/latex/listings/lstmisc.sty
File: lstmisc.sty 2007/02/22 1.4 (Carsten Heinz)
\c@lstnumber=\count98
\lst@skipnumbers=\count99
\lst@framebox=\box27
)
(/usr/share/texmf-texlive/tex/latex/listings/listings.cfg
File: listings.cfg 2007/02/22 1.4 listings configuration
))
Package: listings 2007/02/22 1.4 (Carsten Heinz)

(/usr/share/texmf/tex/latex/xcolor/xcolor.sty
Package: xcolor 2007/01/21 v2.11 LaTeX color extensions (UK)

(/etc/texmf/tex/latex/config/color.cfg
File: color.cfg 2007/01/18 v1.5 color configuration of teTeX/TeXLive
)
Package xcolor Info: Driver file: pdftex.def on input line 225.
Package xcolor Info: Model `cmy' substituted by `cmy0' on input line 1337.
Package xcolor Info: Model `hsb' substituted by `rgb' on input line 1341.
Package xcolor Info: Model `RGB' extended on input line 1353.
Package xcolor Info: Model `HTML' substituted by `rgb' on input line 1355.
Package xcolor Info: Model `Hsb' substituted by `hsb' on input line 1356.
Package xcolor Info: Model `tHsb' substituted by `hsb' on input line 1357.
Package xcolor Info: Model `HSB' substituted by `hsb' on input line 1358.
Package xcolor Info: Model `Gray' substituted by `gray' on input line 1359.
Package xcolor Info: Model `wave' substituted by `hsb' on input line 1360.
)
(/usr/share/texmf-texlive/tex/latex/tools/verbatim.sty
Package: verbatim 2003/08/22 v1.5q LaTeX2e package for verbatim enhancements
\every@verbatim=\toks22
\verbatim@line=\toks23
\verbatim@in@stream=\read1
) (./doc.aux)
\openout1 = `doc.aux'.

LaTeX Font Info:    Checking defaults for OML/cmm/m/it on input line 10.
LaTeX Font Info:    ... okay on input line 10.
LaTeX Font Info:    Checking defaults for T1/cmr/m/n on input line 10.
LaTeX Font Info:    ... okay on input line 10.
LaTeX Font Info:    Checking defaults for OT1/cmr/m/n on input line 10.
LaTeX Font Info:    ... okay on input line 10.
LaTeX Font Info:    Checking defaults for OMS/cmsy/m/n on input line 10.
LaTeX Font Info:    ... okay on input line 10.
LaTeX Font Info:    Checking defaults for OMX/cmex/m/n on input line 10.
LaTeX Font Info:    ... okay on input line 10.
LaTeX Font Info:    Checking defaults for U/cmr/m/n on input line 10.
LaTeX Font Info:    ... okay on input line 10.

*geometry auto-detecting driver*
*geometry detected driver: pdftex*
-------------------- Geometry parameters
paper: a4paper
landscape: --
twocolumn: --
twoside: --
asymmetric: --
h-parts: 85.35826pt, 441.01773pt, 71.13188pt
v-parts: 56.9055pt, 731.23584pt, 56.9055pt
hmarginratio: --
vmarginratio: --
lines: --
heightrounded: --
bindingoffset: 0.0pt
truedimen: --
includehead: --
includefoot: --
includemp: --
driver: pdftex
-------------------- Page layout dimensions and switches
\paperwidth  597.50787pt
\paperheight 845.04684pt
\textwidth  441.01773pt
\textheight 731.23584pt
\oddsidemargin  13.08827pt
\evensidemargin 13.08827pt
\topmargin  -52.36449pt
\headheight 12.0pt
\headsep    25.0pt
\footskip   30.0pt
\marginparwidth 50.0pt
\marginparsep   10.0pt
\columnsep  10.0pt
\skip\footins  10.0pt plus 4.0pt minus 2.0pt
\hoffset 0.0pt
\voffset 0.0pt
\mag 1000

(1in=72.27pt, 1cm=28.45pt)
-----------------------
(/usr/share/texmf/tex/context/base/supp-pdf.mkii
[Loading MPS to PDF converter (version 2006.09.02).]
\scratchcounter=\count100
\scratchdimen=\dimen113
\scratchbox=\box28
\nofMPsegments=\count101
\nofMParguments=\count102
\everyMPshowfont=\toks24
\MPscratchCnt=\count103
\MPscratchDim=\dimen114
\MPnumerator=\count104
\everyMPtoPDFconversion=\toks25
) (/usr/share/texmf-texlive/tex/latex/ucs/ucsencs.def
File: ucsencs.def 2003/11/29 Fixes to fontencodings LGR, T3
)
\c@lstlisting=\count105

(/usr/share/texmf-texlive/tex/latex/ucs/data/uni-0.def
File: uni-0.def 2004/10/17 UCS: Unicode data U+0000..U+00FF
)
(/usr/share/texmf-texlive/tex/latex/listings/lstlang1.sty
File: lstlang1.sty 2004/09/05 1.3 listings language file
)
<images/pdfs/a1-crop.pdf, id=1, 493.845pt x 376.40625pt>
File: images/pdfs/a1-crop.pdf Graphic file (type pdf)

<use images/pdfs/a1-crop.pdf> (../../../matlab/ub5/a1.m
LaTeX Font Info:    External font `cmex10' loaded for size
(Font)              <9> on input line 7.
LaTeX Font Info:    External font `cmex10' loaded for size
(Font)              <6> on input line 7.
LaTeX Font Info:    External font `cmex10' loaded for size
(Font)              <5> on input line 7.
 [1

{/var/lib/texmf/fonts/map/pdftex/updmap/pdftex.map} <./images/pdfs/a1-crop.pdf>
]
LaTeX Font Info:    Try loading font information for OMS+cmr on input line 34.

(/usr/share/texmf-texlive/tex/latex/base/omscmr.fd
File: omscmr.fd 1999/05/25 v2.5h Standard LaTeX font definitions
)
LaTeX Font Info:    Font shape `OMS/cmr/m/n' in size <9> not available
(Font)              Font shape `OMS/cmsy/m/n' tried instead on input line 34.
) [2]
File: ../../../matlab/ub5/output2  (verbatim)

Overfull \hbox (18.87729pt too wide) in paragraph at lines 62--62
[]   \OT1/cmtt/m/n/10.95 1.159   0.921   1.279   0.800   1.925   0.889   1.917 
  1.892   1.046   1.621[] 
 []

(../../../matlab/ub5/a2.m [3

]) [4]
LaTeX Font Info:    External font `cmex10' loaded for size
(Font)              <10.95> on input line 75.
LaTeX Font Info:    External font `cmex10' loaded for size
(Font)              <8> on input line 75.
 (../../../matlab/ub5/a3.m)
<images/pdfs/iteration0-crop.pdf, id=35, 500.87125pt x 376.40625pt>
File: images/pdfs/iteration0-crop.pdf Graphic file (type pdf)

<use images/pdfs/iteration0-crop.pdf>
<images/pdfs/iteration1-crop.pdf, id=37, 496.85625pt x 376.40625pt>
File: images/pdfs/iteration1-crop.pdf Graphic file (type pdf)

<use images/pdfs/iteration1-crop.pdf>
<images/pdfs/iteration2-crop.pdf, id=39, 496.85625pt x 376.40625pt>
File: images/pdfs/iteration2-crop.pdf Graphic file (type pdf)

<use images/pdfs/iteration2-crop.pdf>
<images/pdfs/iteration3-crop.pdf, id=41, 496.85625pt x 376.40625pt>
File: images/pdfs/iteration3-crop.pdf Graphic file (type pdf)

<use images/pdfs/iteration3-crop.pdf>
<images/pdfs/iteration4-crop.pdf, id=43, 496.85625pt x 376.40625pt>
File: images/pdfs/iteration4-crop.pdf Graphic file (type pdf)

<use images/pdfs/iteration4-crop.pdf>
<images/pdfs/iteration5-crop.pdf, id=45, 496.85625pt x 376.40625pt>
File: images/pdfs/iteration5-crop.pdf Graphic file (type pdf)

<use images/pdfs/iteration5-crop.pdf>
<images/pdfs/iteration6-crop.pdf, id=47, 496.85625pt x 376.40625pt>
File: images/pdfs/iteration6-crop.pdf Graphic file (type pdf)

<use images/pdfs/iteration6-crop.pdf>
<images/pdfs/iteration7-crop.pdf, id=49, 496.85625pt x 376.40625pt>
File: images/pdfs/iteration7-crop.pdf Graphic file (type pdf)

<use images/pdfs/iteration7-crop.pdf>
<images/pdfs/iteration8-crop.pdf, id=51, 496.85625pt x 376.40625pt>
File: images/pdfs/iteration8-crop.pdf Graphic file (type pdf)

<use images/pdfs/iteration8-crop.pdf>
<images/pdfs/iteration9-crop.pdf, id=53, 496.85625pt x 376.40625pt>
File: images/pdfs/iteration9-crop.pdf Graphic file (type pdf)

<use images/pdfs/iteration9-crop.pdf>
<images/pdfs/iteration10-crop.pdf, id=55, 496.85625pt x 376.40625pt>
File: images/pdfs/iteration10-crop.pdf Graphic file (type pdf)

<use images/pdfs/iteration10-crop.pdf>
<images/pdfs/iteration11-crop.pdf, id=57, 496.85625pt x 376.40625pt>
File: images/pdfs/iteration11-crop.pdf Graphic file (type pdf)

<use images/pdfs/iteration11-crop.pdf>
Overfull \hbox (5.59222pt too wide) in paragraph at lines 88--103
 []$ 
 []

[5

] [6 <./images/pdfs/iteration0-crop.pdf> <./images/pdfs/iteration1-crop.pdf> <.
/images/pdfs/iteration2-crop.pdf> <./images/pdfs/iteration3-crop.pdf> <./images
/pdfs/iteration4-crop.pdf> <./images/pdfs/iteration5-crop.pdf> <./images/pdfs/i
teration6-crop.pdf> <./images/pdfs/iteration7-crop.pdf> <./images/pdfs/iteratio
n8-crop.pdf> <./images/pdfs/iteration9-crop.pdf> <./images/pdfs/iteration10-cro
p.pdf> <./images/pdfs/iteration11-crop.pdf>] (./doc.aux) ) 
Here is how much of TeX's memory you used:
 4932 strings out of 494733
 64338 string characters out of 1175468
 168852 words of memory out of 3000000
 8097 multiletter control sequences out of 15000+50000
 9630 words of font info for 34 fonts, out of 3000000 for 9000
 220 hyphenation exceptions out of 8191
 31i,12n,40p,326b,2157s stack positions out of 5000i,500n,10000p,200000b,50000s
</usr/share/texmf-tex
live/fonts/type1/public/amsfonts/cm/cmbx10.pfb></usr/share/texmf-texlive/fonts/
type1/public/amsfonts/cm/cmbx12.pfb></usr/share/texmf-texlive/fonts/type1/publi
c/amsfonts/cm/cmbx9.pfb></usr/share/texmf-texlive/fonts/type1/public/amsfonts/c
m/cmmi10.pfb></usr/share/texmf-texlive/fonts/type1/public/amsfonts/cm/cmmi8.pfb
></usr/share/texmf-texlive/fonts/type1/public/amsfonts/cm/cmr10.pfb></usr/share
/texmf-texlive/fonts/type1/public/amsfonts/cm/cmr9.pfb></usr/share/texmf-texliv
e/fonts/type1/public/amsfonts/cm/cmsy9.pfb></usr/share/texmf-texlive/fonts/type
1/public/amsfonts/cm/cmti9.pfb></usr/share/texmf-texlive/fonts/type1/public/ams
fonts/cm/cmtt10.pfb>
Output written on doc.pdf (6 pages, 281621 bytes).
PDF statistics:
 230 PDF objects out of 1000 (max. 8388607)
 0 named destinations out of 1000 (max. 500000)
 66 words of extra memory for PDF output out of 10000 (max. 10000000)

